[19:22:32] [Render thread/INFO] ========================================
[19:22:32] [Render thread/INFO] Minecraft: 1.20.1
[19:22:32] [Render thread/INFO] Side: client
[19:22:32] [Render thread/INFO] Development: false
[19:22:32] [Render thread/INFO] Version: 12.0.684
[19:22:32] [Render thread/INFO] Loader:
[19:22:32] [Render thread/INFO] - Fabric: 0.15.3
[19:22:32] [Render thread/INFO] - Fabric API: 0.91.0+1.20.1
[19:22:32] [Render thread/INFO] Dependencies:
[19:22:32] [Render thread/INFO] - Cloth Config: 11.1.118
[19:22:32] [Render thread/INFO] - Architectury: 9.1.12
[19:22:32] [Render thread/INFO] Mixin: 0.8.5
[19:22:32] [Render thread/INFO] OS: Windows 10 10.0 (amd64)
[19:22:32] [Render thread/INFO] Java: 17.0.1 (Eclipse Adoptium)
[19:22:32] [Render thread/INFO] ========================================
[19:22:32] [Render thread/INFO] Mods:
[19:22:32] [Render thread/INFO] - abverticaledition: 1.0.3-b
[19:22:32] [Render thread/INFO] - adaptiveview: 1.0.2+1.20
[19:22:32] [Render thread/INFO] - adventure-platform-fabric: 5.10.0-SNAPSHOT
[19:22:32] [Render thread/INFO] - amecs: 1.3.10+mc.1.20.1
[19:22:32] [Render thread/INFO] - amecsapi: 1.5.1+mc1.20-pre1
[19:22:32] [Render thread/INFO] - antighost: 1.20-fabric0.83.0-1.1.5
[19:22:32] [Render thread/INFO] - appleskin: 2.5.1+mc1.20
[19:22:32] [Render thread/INFO] - architectury: 9.1.12
[19:22:32] [Render thread/INFO] - armorful: 2.0.2+1.20
[19:22:32] [Render thread/INFO] - armorstatues: 8.0.5
[19:22:32] [Render thread/INFO] - athena: 3.1.1
[19:22:32] [Render thread/INFO] - auudio: 1.0.3
[19:22:32] [Render thread/INFO] - axolotlbuckets: 1.2.0
[19:22:32] [Render thread/INFO] - badpackets: 0.4.3
[19:22:32] [Render thread/INFO] - bakery: 1.1.3
[19:22:32] [Render thread/INFO] - balm-fabric: 7.2.1
[19:22:32] [Render thread/INFO] - bcc: 4.0.1
[19:22:32] [Render thread/INFO] - beautify: 1.1.0+1.20
[19:22:32] [Render thread/INFO] - bellsandwhistles: 0.4.5
[19:22:32] [Render thread/INFO] - bendy-lib: 4.0.0
[19:22:32] [Render thread/INFO] - better-trim-tooltips: 1.0.1
[19:22:32] [Render thread/INFO] - better_end_sky: 0.2.1+1.20
[19:22:32] [Render thread/INFO] - betteranimationscollection: 8.0.0
[19:22:32] [Render thread/INFO] - betterarcheology: 1.1.0
[19:22:32] [Render thread/INFO] - betterbeaconplacement: 3.3
[19:22:32] [Render thread/INFO] - bettercommandblockui: 0.4.2
[19:22:32] [Render thread/INFO] - betterconduitplacement: 3.2
[19:22:32] [Render thread/INFO] - betterdeserttemples: 1.20-Fabric-3.0.3
[19:22:32] [Render thread/INFO] - betterdungeons: 1.20-Fabric-4.0.3
[19:22:32] [Render thread/INFO] - betterendisland: 1.20-Fabric-2.0.4
[19:22:32] [Render thread/INFO] - betterf3: 7.0.2
[19:22:32] [Render thread/INFO] - betterfortresses: 1.20-Fabric-2.0.5
[19:22:32] [Render thread/INFO] - betterjungletemples: 1.20-Fabric-2.0.4
[19:22:32] [Render thread/INFO] - betterladdersmod: 0.0.2.1.20.1
[19:22:32] [Render thread/INFO] - betterleads: 1.1.0+1.20.1
[19:22:32] [Render thread/INFO] - bettermineshafts: 1.20-Fabric-4.0.4
[19:22:32] [Render thread/INFO] - bettermounthud: 1.2.2
[19:22:32] [Render thread/INFO] - betteroceanmonuments: 1.20-Fabric-3.0.4
[19:22:32] [Render thread/INFO] - betterpingdisplay: 1.1.1
[19:22:32] [Render thread/INFO] - betterstrongholds: 1.20-Fabric-4.0.3
[19:22:32] [Render thread/INFO] - betterwitchhuts: 1.20-Fabric-3.0.3
[19:22:32] [Render thread/INFO] - blue_endless_jankson: 1.2.3
[19:22:32] [Render thread/INFO] - boatiview: 0.0.5
[19:22:32] [Render thread/INFO] - bookshelf: 20.1.8
[19:22:32] [Render thread/INFO] - bosses_of_mass_destruction: 1.7.5-1.20.1
[19:22:32] [Render thread/INFO] - botanypots: 13.0.18
[19:22:32] [Render thread/INFO] - bsvsb: 3.0.3
[19:22:32] [Render thread/INFO] - bushierflowers: 0.0.3-1.20.1
[19:22:32] [Render thread/INFO] - bwncr: 3.17.0
[19:22:32] [Render thread/INFO] - caffeineconfig: 1.3.0+1.17
[19:22:32] [Render thread/INFO] - candlelight: 1.2.8
[19:22:32] [Render thread/INFO] - capes: 1.5.2+1.20
[19:22:32] [Render thread/INFO] - cardinal-components: 5.2.2
[19:22:32] [Render thread/INFO] - cardinal-components-base: 5.2.2
[19:22:32] [Render thread/INFO] - cardinal-components-block: 5.2.2
[19:22:32] [Render thread/INFO] - cardinal-components-chunk: 5.2.2
[19:22:32] [Render thread/INFO] - cardinal-components-entity: 5.2.2
[19:22:32] [Render thread/INFO] - cardinal-components-item: 5.2.2
[19:22:32] [Render thread/INFO] - cardinal-components-level: 5.2.2
[19:22:32] [Render thread/INFO] - cardinal-components-scoreboard: 5.2.2
[19:22:32] [Render thread/INFO] - cardinal-components-world: 5.2.2
[19:22:32] [Render thread/INFO] - carpeted: 1.20-1.4
[19:22:32] [Render thread/INFO] - carryon: 2.1.2.7
[19:22:32] [Render thread/INFO] - casualness_delight: 1.20.1-0.3a
[19:22:32] [Render thread/INFO] - catconfig-mc: 0.1.1
[19:22:32] [Render thread/INFO] - chefsdelight: 1.0.3-fabric-1.20.1
[19:22:32] [Render thread/INFO] - chipped: 3.0.1
[19:22:32] [Render thread/INFO] - chunksfadein: 1.0.4-1.20.1
[19:22:32] [Render thread/INFO] - chunky: 1.3.92
[19:22:32] [Render thread/INFO] - cicada: 0.5.0+1.20.1-minus
[19:22:32] [Render thread/INFO] - citresewn: 1.1.3+1.20
[19:22:32] [Render thread/INFO] - citresewn-defaults: 1.1.3+1.20
[19:22:32] [Render thread/INFO] - clean_tooltips: 1.0
[19:22:32] [Render thread/INFO] - cleancut: 6.0+mc1.19.1-mc1.20.x
[19:22:32] [Render thread/INFO] - cleardespawn: 1.1.15
[19:22:32] [Render thread/INFO] - clickthrough: 1.20-fabric0.83.0-0.4.1
[19:22:32] [Render thread/INFO] - clienttweaks: 11.1.0
[19:22:32] [Render thread/INFO] - cloth-basic-math: 0.6.1
[19:22:32] [Render thread/INFO] - cloth-config: 11.1.118
[19:22:32] [Render thread/INFO] - cloth-config: 11.1.118
[19:22:32] [Render thread/INFO] - cloud: 1.8.3
[19:22:32] [Render thread/INFO] - cloud_commandframework_cloud-brigadier_: 1.8.3
[19:22:32] [Render thread/INFO] - cloud_commandframework_cloud-core_: 1.8.3
[19:22:32] [Render thread/INFO] - cloud_commandframework_cloud-minecraft-extras: 1.8.3
[19:22:32] [Render thread/INFO] - cloud_commandframework_cloud-services_: 1.8.3
[19:22:32] [Render thread/INFO] - cloudsettings: 2.0.0.7
[19:22:32] [Render thread/INFO] - clumps: 12.0.0.3
[19:22:32] [Render thread/INFO] - clutter: 1.20-0.5.6
[19:22:32] [Render thread/INFO] - coat: 1.0.0-beta.20+mc1.20-pre1
[19:22:32] [Render thread/INFO] - collective: 7.30
[19:22:32] [Render thread/INFO] - com_akuleshov7_ktoml-core-jvm: 0.4.1
[19:22:32] [Render thread/INFO] - com_electronwill_night-config_core: 3.6.6
[19:22:32] [Render thread/INFO] - com_electronwill_night-config_toml: 3.6.6
[19:22:32] [Render thread/INFO] - com_eliotlash_mclib_mclib: 20
[19:22:32] [Render thread/INFO] - com_github_jdiemke_delaunay-triangulator_delaunaytriangulator: 1.0.0
[19:22:32] [Render thread/INFO] - com_google_code_findbugs_jsr305: 3.0.2
[19:22:32] [Render thread/INFO] - com_googlecode_javaewah_javaewah: 1.2.3
[19:22:32] [Render thread/INFO] - com_moandjiezana_toml_toml4j: 0.7.2
[19:22:32] [Render thread/INFO] - com_teamresourceful_bytecodecs: 1.0.2
[19:22:32] [Render thread/INFO] - com_teamresourceful_yabn: 1.0.3
[19:22:32] [Render thread/INFO] - com_twelvemonkeys_common_common-image: 3.10.0-SNAPSHOT
[19:22:32] [Render thread/INFO] - com_twelvemonkeys_common_common-io: 3.10.0-SNAPSHOT
[19:22:32] [Render thread/INFO] - com_twelvemonkeys_common_common-lang: 3.10.0-SNAPSHOT
[19:22:32] [Render thread/INFO] - com_twelvemonkeys_imageio_imageio-core: 3.10.0-SNAPSHOT
[19:22:32] [Render thread/INFO] - com_twelvemonkeys_imageio_imageio-metadata: 3.10.0-SNAPSHOT
[19:22:32] [Render thread/INFO] - com_twelvemonkeys_imageio_imageio-webp: 3.10.0-SNAPSHOT
[19:22:32] [Render thread/INFO] - com_typesafe_config: 1.4.2
[19:22:32] [Render thread/INFO] - com_velocitypowered_velocity-native: 3.2.0-SNAPSHOT
[19:22:32] [Render thread/INFO] - comforts: 6.3.4+1.20.1
[19:22:32] [Render thread/INFO] - commandkeys: 1.1.1
[19:22:32] [Render thread/INFO] - companion: 5.1.0
[19:22:32] [Render thread/INFO] - completeconfig: 2.5.0
[19:22:32] [Render thread/INFO] - completeconfig-base: 2.5.0
[19:22:32] [Render thread/INFO] - completeconfig-gui-cloth: 2.5.0
[19:22:32] [Render thread/INFO] - completeconfig-gui-yacl: 2.5.0
[19:22:32] [Render thread/INFO] - conditional-mixin: 0.4.1
[19:22:32] [Render thread/INFO] - config_toolkit: 1.0.0
[19:22:32] [Render thread/INFO] - connectiblechains: 2.2.1+1.20.1
[19:22:32] [Render thread/INFO] - consistency_plus: 0.5.2-rc.4+1.20.1
[19:22:32] [Render thread/INFO] - continuity: 3.0.0-beta.4+1.20.1
[19:22:32] [Render thread/INFO] - cookingforblockheads: 16.0.1
[19:22:32] [Render thread/INFO] - cosmetic-armor: 1.6.0
[19:22:32] [Render thread/INFO] - crawl: 0.12.0
[19:22:32] [Render thread/INFO] - create: 0.5.1-d-build.5+mc1.20.1
[19:22:32] [Render thread/INFO] - create-trimmed: 1.0.0
[19:22:32] [Render thread/INFO] - create_dragon_lib: 1.4.1
[19:22:32] [Render thread/INFO] - create_enchantment_industry: 1.2.11
[19:22:32] [Render thread/INFO] - create_structures: 1.1.0
[19:22:32] [Render thread/INFO] - cristellib: 1.1.5
[19:22:32] [Render thread/INFO] - cropped: 1.0.1
[19:22:32] [Render thread/INFO] - crowdin-translate: 1.4+1.19.3
[19:22:32] [Render thread/INFO] - customportalapi: 0.0.1-beta64-1.20
[19:22:32] [Render thread/INFO] - dark-loading-screen: 1.6.14
[19:22:32] [Render thread/INFO] - darkmodeeverywhere: 1.20.1-1.2.2
[19:22:32] [Render thread/INFO] - darkness: 2.0.103
[19:22:32] [Render thread/INFO] - deathlog: 0.3.2+1.20
[19:22:32] [Render thread/INFO] - debugify: 1.20.1+2.0
[19:22:32] [Render thread/INFO] - deeperdarker: 1.2.5
[19:22:32] [Render thread/INFO] - delightfulcreators: 1.1.8
[19:22:32] [Render thread/INFO] - detailab: 2.6.3+1.20.1-fabric
[19:22:32] [Render thread/INFO] - dev_isxander_settxi_settxi-core: 2.10.6
[19:22:32] [Render thread/INFO] - dev_isxander_settxi_settxi-kotlinx-serialization: 2.10.6
[19:22:32] [Render thread/INFO] - ding: 1.4.1
[19:22:32] [Render thread/INFO] - disable_custom_worlds_advice: 4.1
[19:22:32] [Render thread/INFO] - dismountentity: 3.2
[19:22:32] [Render thread/INFO] - display_case: 1.0.8
[19:22:32] [Render thread/INFO] - do_a_barrel_roll: 3.3.7+1.20
[19:22:32] [Render thread/INFO] - doapi: 1.2.8
[19:22:32] [Render thread/INFO] - doggomodoverhauled: 5.3.1
[19:22:32] [Render thread/INFO] - doubledoors: 5.2
[19:22:32] [Render thread/INFO] - dripstone_fluid_lib: 3.0.2
[19:22:32] [Render thread/INFO] - dummmmmmy: 1.20-1.8.13
[19:22:32] [Render thread/INFO] - easyanvils: 8.0.1
[19:22:32] [Render thread/INFO] - easymagic: 8.0.1
[19:22:32] [Render thread/INFO] - eatinganimationid: 1.20+1.9.5
[19:22:32] [Render thread/INFO] - edibles: 4.3
[19:22:32] [Render thread/INFO] - elytratrims: 1.4.4
[19:22:32] [Render thread/INFO] - emotecraft: 2.2.7-b.build.50
[19:22:32] [Render thread/INFO] - enchdesc: 17.0.11
[19:22:32] [Render thread/INFO] - endportalrecipe: 5.2
[19:22:32] [Render thread/INFO] - endrem: 5.2.4
[19:22:32] [Render thread/INFO] - enhancedbookwriting: 1.1.0+mc1.19.4
[19:22:32] [Render thread/INFO] - entity_model_features: 1.2.1
[19:22:32] [Render thread/INFO] - entity_texture_features: 5.1.2
[19:22:32] [Render thread/INFO] - entityculling: 1.6.2-mc1.20.1
[19:22:32] [Render thread/INFO] - equipmentcompare: 1.3.8
[19:22:32] [Render thread/INFO] - error_notifier: 1.0.9
[19:22:32] [Render thread/INFO] - excessive_building: 1.20.1-2.0.0
[19:22:32] [Render thread/INFO] - exordium: 1.2.1-mc1.20.1
[19:22:32] [Render thread/INFO] - expandeddelight: 0.3.0.2
[19:22:32] [Render thread/INFO] - explorerscompass: 1.20.1-2.2.3-fabric
[19:22:32] [Render thread/INFO] - explorify: v1.3.0-mc1.20
[19:22:32] [Render thread/INFO] - extended_drawers: 2.1.0+mc.1.20.1
[19:22:32] [Render thread/INFO] - extendedgears: 2.1.0-1.20.1-0.5.1.c-fabric
[19:22:32] [Render thread/INFO] - extensibleenums: 7.0.1
[19:22:32] [Render thread/INFO] - fabric-api: 0.91.0+1.20.1
[19:22:32] [Render thread/INFO] - fabric-api: 0.91.0+1.20.1
[19:22:32] [Render thread/INFO] - fabric-api-base: 0.4.30+7abfd51577
[19:22:32] [Render thread/INFO] - fabric-api-lookup-api-v1: 1.6.35+4d8536c977
[19:22:32] [Render thread/INFO] - fabric-biome-api-v1: 13.0.12+215bbe9677
[19:22:32] [Render thread/INFO] - fabric-block-api-v1: 1.0.10+92a0d36777
[19:22:32] [Render thread/INFO] - fabric-block-view-api-v2: 1.0.0+92a0d36777
[19:22:32] [Render thread/INFO] - fabric-blockrenderlayer-v1: 1.1.40+b3afc78b77
[19:22:32] [Render thread/INFO] - fabric-client-tags-api-v1: 1.1.1+97bb207577
[19:22:32] [Render thread/INFO] - fabric-command-api-v1: 1.2.33+f71b366f77
[19:22:32] [Render thread/INFO] - fabric-command-api-v2: 2.2.12+b3afc78b77
[19:22:32] [Render thread/INFO] - fabric-commands-v0: 0.2.50+df3654b377
[19:22:32] [Render thread/INFO] - fabric-containers-v0: 0.1.63+df3654b377
[19:22:32] [Render thread/INFO] - fabric-content-registries-v0: 4.0.10+57aed33f77
[19:22:32] [Render thread/INFO] - fabric-convention-tags-v1: 1.5.4+a1a980da77
[19:22:32] [Render thread/INFO] - fabric-crash-report-info-v1: 0.2.18+aeb40ebe77
[19:22:32] [Render thread/INFO] - fabric-data-generation-api-v1: 12.3.3+d7b148e077
[19:22:32] [Render thread/INFO] - fabric-dimensions-v1: 2.1.53+8536527b77
[19:22:32] [Render thread/INFO] - fabric-entity-events-v1: 1.5.22+b3afc78b77
[19:22:32] [Render thread/INFO] - fabric-events-interaction-v0: 0.6.1+e91849a877
[19:22:32] [Render thread/INFO] - fabric-events-lifecycle-v0: 0.2.62+df3654b377
[19:22:32] [Render thread/INFO] - fabric-game-rule-api-v1: 1.0.39+ae9f657a77
[19:22:32] [Render thread/INFO] - fabric-item-api-v1: 2.1.27+b3afc78b77
[19:22:32] [Render thread/INFO] - fabric-item-group-api-v1: 4.0.11+d7b148e077
[19:22:32] [Render thread/INFO] - fabric-key-binding-api-v1: 1.0.36+fb8d95da77
[19:22:32] [Render thread/INFO] - fabric-keybindings-v0: 0.2.34+df3654b377
[19:22:32] [Render thread/INFO] - fabric-language-kotlin: 1.10.17+kotlin.1.9.22
[19:22:32] [Render thread/INFO] - fabric-lifecycle-events-v1: 2.2.21+b3afc78b77
[19:22:32] [Render thread/INFO] - fabric-loot-api-v2: 1.2.0+96dfa95977
[19:22:32] [Render thread/INFO] - fabric-loot-tables-v1: 1.1.44+9e7660c677
[19:22:32] [Render thread/INFO] - fabric-message-api-v1: 5.1.8+d7b148e077
[19:22:32] [Render thread/INFO] - fabric-mining-level-api-v1: 2.1.49+b3afc78b77
[19:22:32] [Render thread/INFO] - fabric-model-loading-api-v1: 1.0.2+709a987177
[19:22:32] [Render thread/INFO] - fabric-models-v0: 0.4.1+9386d8a777
[19:22:32] [Render thread/INFO] - fabric-networking-api-v1: 1.3.10+eeb8eb3677
[19:22:32] [Render thread/INFO] - fabric-networking-v0: 0.3.50+df3654b377
[19:22:32] [Render thread/INFO] - fabric-object-builder-api-v1: 11.1.2+4ee0bc6077
[19:22:32] [Render thread/INFO] - fabric-particles-v1: 1.1.1+201a23a077
[19:22:32] [Render thread/INFO] - fabric-permissions-api-v0: 0.2-SNAPSHOT
[19:22:32] [Render thread/INFO] - fabric-recipe-api-v1: 1.0.20+b3afc78b77
[19:22:32] [Render thread/INFO] - fabric-registry-sync-v0: 2.3.2+4df89eb277
[19:22:32] [Render thread/INFO] - fabric-renderer-api-v1: 3.2.0+39a511ba77
[19:22:32] [Render thread/INFO] - fabric-renderer-indigo: 1.5.0+39a511ba77
[19:22:32] [Render thread/INFO] - fabric-renderer-registries-v1: 3.2.45+df3654b377
[19:22:32] [Render thread/INFO] - fabric-rendering-data-attachment-v1: 0.3.36+92a0d36777
[19:22:32] [Render thread/INFO] - fabric-rendering-fluids-v1: 3.0.27+b3afc78b77
[19:22:32] [Render thread/INFO] - fabric-rendering-v0: 1.1.48+df3654b377
[19:22:32] [Render thread/INFO] - fabric-rendering-v1: 3.0.7+b3afc78b77
[19:22:32] [Render thread/INFO] - fabric-resource-conditions-api-v1: 2.3.7+29de845d77
[19:22:32] [Render thread/INFO] - fabric-resource-loader-v0: 0.11.9+132c48c177
[19:22:32] [Render thread/INFO] - fabric-screen-api-v1: 2.0.7+b3afc78b77
[19:22:32] [Render thread/INFO] - fabric-screen-handler-api-v1: 1.3.29+b3afc78b77
[19:22:32] [Render thread/INFO] - fabric-sound-api-v1: 1.0.12+b3afc78b77
[19:22:32] [Render thread/INFO] - fabric-transfer-api-v1: 3.3.3+c81d263177
[19:22:32] [Render thread/INFO] - fabric-transitive-access-wideners-v1: 4.3.0+6c31357e77
[19:22:32] [Render thread/INFO] - fabricloader: 0.15.3
[19:22:32] [Render thread/INFO] - fabwork: 1.2.0
[19:22:32] [Render thread/INFO] - fallingleaves: 1.15.4
[19:22:32] [Render thread/INFO] - fancymenu: 2.14.10
[19:22:32] [Render thread/INFO] - farmersdelight: 1.20.1-1.4.3
[19:22:32] [Render thread/INFO] - fastback: 0.15.6+1.20.1-fabric
[19:22:32] [Render thread/INFO] - fastentitytransfer: 1.2.1
[19:22:32] [Render thread/INFO] - faster_entity_animations: 1.6
[19:22:32] [Render thread/INFO] - fastipping: 1.0.1
[19:22:32] [Render thread/INFO] - fastload: 3.4.0
[19:22:32] [Render thread/INFO] - fastload-119-0-1-2-compat: 3.4.0
[19:22:32] [Render thread/INFO] - fastload-1193-compat: 3.4.0
[19:22:32] [Render thread/INFO] - fastload-1194-compat: 3.4.0
[19:22:32] [Render thread/INFO] - fastload_fapi_forward: 1.0.2
[19:22:32] [Render thread/INFO] - fastrandom: 1.6.0
[19:22:32] [Render thread/INFO] - ferritecore: 6.0.1
[19:22:32] [Render thread/INFO] - festive_delight: 1.0.0
[19:22:32] [Render thread/INFO] - fiber: 0.23.0-2
[19:22:32] [Render thread/INFO] - fish_tank: 1.0.2
[19:22:32] [Render thread/INFO] - flywheel: 0.6.10
[19:22:32] [Render thread/INFO] - fmextension_audio: 1.1.2
[19:22:32] [Render thread/INFO] - forgeconfigapiport: 8.0.0
[19:22:32] [Render thread/INFO] - friendsandfoes: 2.0.6
[19:22:32] [Render thread/INFO] - ftbessentials: 2001.2.2
[19:22:32] [Render thread/INFO] - ftblibrary: 2001.1.4
[19:22:32] [Render thread/INFO] - ftbultimine: 2001.1.4
[19:22:32] [Render thread/INFO] - fusion: 1.1.0+c
[19:22:32] [Render thread/INFO] - gbfabrictools: 1.4+1.20
[19:22:32] [Render thread/INFO] - geckolib: 4.3.1
[19:22:32] [Render thread/INFO] - geodes: 1.8.2
[19:22:32] [Render thread/INFO] - geophilic: v2.1.0-mc1.20u1.20.2
[19:22:32] [Render thread/INFO] - graphlib: 1.4.0+1.20
[19:22:32] [Render thread/INFO] - grassseeds: 3.2
[19:22:32] [Render thread/INFO] - grindstonesharpertools: 3.4
[19:22:32] [Render thread/INFO] - guardvillagers: 2.0.8-1.20.1
[19:22:32] [Render thread/INFO] - handcrafted: 3.0.5
[19:22:32] [Render thread/INFO] - handoveryouritems: 3.2
[19:22:32] [Render thread/INFO] - healingcampfire: 5.3
[19:22:32] [Render thread/INFO] - herbalbrews: 1.0.2
[19:22:32] [Render thread/INFO] - hibernalherbs: 1.1-hotfix-4
[19:22:32] [Render thread/INFO] - highlight: 2.0.1
[19:22:32] [Render thread/INFO] - horseexpert: 8.1.1
[19:22:32] [Render thread/INFO] - hybrid-aquatic: 1.1.0
[19:22:32] [Render thread/INFO] - iceberg: 1.1.18
[19:22:32] [Render thread/INFO] - icepreventscropgrowth: 3.2
[19:22:32] [Render thread/INFO] - illagerinvasion: 8.0.3
[19:22:32] [Render thread/INFO] - imm_ptl_core: 3.3.7
[19:22:32] [Render thread/INFO] - immediatelyfast: 1.2.8+1.20.4
[19:22:32] [Render thread/INFO] - immersive_paintings: 0.6.7+1.20.1
[19:22:32] [Render thread/INFO] - immersive_portals: 3.3.7
[19:22:32] [Render thread/INFO] - incendium: 5.3.4
[19:22:32] [Render thread/INFO] - indium: 1.0.27+mc1.20.1
[19:22:32] [Render thread/INFO] - inmis: 2.7.2-1.20.1
[19:22:32] [Render thread/INFO] - inmisaddon: 1.0.4
[19:22:32] [Render thread/INFO] - interactic: 0.2.0+1.20
[19:22:32] [Render thread/INFO] - io_determann_shadow-api-17: 0.1.1
[19:22:32] [Render thread/INFO] - io_github_lgatodu47_catconfig: 0.2.4
[19:22:32] [Render thread/INFO] - io_leangen_geantyref_geantyref: 1.3.13
[19:22:32] [Render thread/INFO] - ironchests: 5.0.2
[19:22:32] [Render thread/INFO] - isometric-renders: 0.4.5+1.20
[19:22:32] [Render thread/INFO] - isxander-main-menu-credits: 1.1.2
[19:22:32] [Render thread/INFO] - items_displayed: 1.2.1
[19:22:32] [Render thread/INFO] - jade: 11.7.0
[19:22:32] [Render thread/INFO] - jadeaddons: 5.2.3
[19:22:32] [Render thread/INFO] - jamlib: 0.6.1+1.20.x
[19:22:32] [Render thread/INFO] - jankson: 6.0.0+j1.2.3
[19:22:32] [Render thread/INFO] - java: 17
[19:22:32] [Render thread/INFO] - jumpoverfences: 1.3.1
[19:22:32] [Render thread/INFO] - justmobheads: 7.5
[19:22:32] [Render thread/INFO] - keepmysoiltilled: 2.2
[19:22:32] [Render thread/INFO] - kirin: 1.15.1
[19:22:32] [Render thread/INFO] - kiwi: 11.3.0
[19:22:32] [Render thread/INFO] - kmodlib-overlay: 0.2.12+1.20
[19:22:32] [Render thread/INFO] - konkrete: 1.7.0
[19:22:32] [Render thread/INFO] - krypton: 0.2.3
[19:22:32] [Render thread/INFO] - lambdynlights: 2.3.2+1.20.1
[19:22:32] [Render thread/INFO] - leavesbegone: 8.0.0
[19:22:32] [Render thread/INFO] - legendarytooltips: 1.4.4
[19:22:32] [Render thread/INFO] - letmedespawn: 1.2.0
[19:22:32] [Render thread/INFO] - libgui: 8.0.2+1.20
[19:22:32] [Render thread/INFO] - libipn: 4.0.1
[19:22:32] [Render thread/INFO] - libnetworkstack: 0.10.0
[19:22:32] [Render thread/INFO] - libninepatch: 1.2.0
[19:22:32] [Render thread/INFO] - lithium: 0.11.2
[19:22:32] [Render thread/INFO] - lootr: 0.7.29.75
[19:22:32] [Render thread/INFO] - maelstrom_library: 1.6.1-1.20
[19:22:32] [Render thread/INFO] - make_bubbles_pop: 0.2.0-fabric
[19:22:32] [Render thread/INFO] - malilib: 0.16.3
[19:22:32] [Render thread/INFO] - map-in-slot: 3.0.0
[19:22:32] [Render thread/INFO] - map_atlases: 2.6.0
[19:22:32] [Render thread/INFO] - mavapi: 1.1.3
[19:22:32] [Render thread/INFO] - mavm: 1.2.4
[19:22:32] [Render thread/INFO] - mcaccel: 1.20.1
[19:22:32] [Render thread/INFO] - measurements: 2.0.0
[19:22:32] [Render thread/INFO] - memoryleakfix: 1.1.2
[19:22:32] [Render thread/INFO] - midnightlib: 1.4.1
[19:22:32] [Render thread/INFO] - milk: 1.2.60
[19:22:32] [Render thread/INFO] - minecraft: 1.20.1
[19:22:32] [Render thread/INFO] - minihud: 0.27.0
[19:22:32] [Render thread/INFO] - mixinextras: 0.3.2
[19:22:32] [Render thread/INFO] - mixinsquared: 0.1.1
[19:22:32] [Render thread/INFO] - mm: 2.3
[19:22:32] [Render thread/INFO] - mobbossbars: 1.1.1
[19:22:32] [Render thread/INFO] - modelfix: 1.14
[19:22:32] [Render thread/INFO] - modernfix: 5.11.1+mc1.20.1
[19:22:32] [Render thread/INFO] - modmenu: 7.2.2
[19:22:32] [Render thread/INFO] - monsters_in_the_closet: 1.0.3+1.20
[19:22:32] [Render thread/INFO] - moonlight: 1.20-2.8.79
[19:22:32] [Render thread/INFO] - mooshroomtweaks: 3.4
[19:22:32] [Render thread/INFO] - moreculling: 1.20.1-0.19.0
[19:22:32] [Render thread/INFO] - moremobvariants: 1.2.2
[19:22:32] [Render thread/INFO] - moreslabs: 3.0
[19:22:32] [Render thread/INFO] - mousetweaks: 2.25
[19:22:32] [Render thread/INFO] - mousewheelie: 1.13.0+mc1.20.1
[19:22:32] [Render thread/INFO] - mr_better_craftables: 1.3.0
[19:22:32] [Render thread/INFO] - mr_crafting: 1.1
[19:22:32] [Render thread/INFO] - mr_edf_remastered: 4.3
[19:22:32] [Render thread/INFO] - mru: 0.4.0+1.20
[19:22:32] [Render thread/INFO] - multipart_entities: 1.5-1.20
[19:22:32] [Render thread/INFO] - naturallychargedcreepers: 3.4
[19:22:32] [Render thread/INFO] - naturescompass: 1.20.1-2.2.3-fabric
[19:22:32] [Render thread/INFO] - neruina: 1.3.0
[19:22:32] [Render thread/INFO] - net_fabricmc_javapoet: 0.1.0
[19:22:32] [Render thread/INFO] - net_i2p_crypto_eddsa: 0.3.0
[19:22:32] [Render thread/INFO] - net_kyori_adventure-api: 4.14.0
[19:22:32] [Render thread/INFO] - net_kyori_adventure-key: 4.14.0
[19:22:32] [Render thread/INFO] - net_kyori_adventure-platform-api: 4.3.0
[19:22:32] [Render thread/INFO] - net_kyori_adventure-serializer-configurate4: 4.14.0
[19:22:32] [Render thread/INFO] - net_kyori_adventure-text-feature-pagination: 4.0.0-SNAPSHOT
[19:22:32] [Render thread/INFO] - net_kyori_adventure-text-logger-slf4j: 4.14.0
[19:22:32] [Render thread/INFO] - net_kyori_adventure-text-minimessage: 4.14.0
[19:22:32] [Render thread/INFO] - net_kyori_adventure-text-serializer-ansi: 4.14.0
[19:22:32] [Render thread/INFO] - net_kyori_adventure-text-serializer-gson: 4.14.0
[19:22:32] [Render thread/INFO] - net_kyori_adventure-text-serializer-json: 4.14.0
[19:22:32] [Render thread/INFO] - net_kyori_adventure-text-serializer-legacy: 4.14.0
[19:22:32] [Render thread/INFO] - net_kyori_adventure-text-serializer-plain: 4.14.0
[19:22:32] [Render thread/INFO] - net_kyori_ansi: 1.0.1
[19:22:32] [Render thread/INFO] - net_kyori_examination-api: 1.3.0
[19:22:32] [Render thread/INFO] - net_kyori_examination-string: 1.3.0
[19:22:32] [Render thread/INFO] - net_lenni0451_reflect: 1.3.1
[19:22:32] [Render thread/INFO] - net_lingala_zip4j_zip4j: 2.11.5
[19:22:32] [Render thread/INFO] - niftycarts: 3.0.0+1.20.1
[19:22:32] [Render thread/INFO] - nohostilesaroundcampfire: 5.9
[19:22:32] [Render thread/INFO] - noindium: 1.1.0+1.20
[19:22:32] [Render thread/INFO] - notenoughanimations: 1.6.4
[19:22:32] [Render thread/INFO] - notenoughcrashes: 4.4.6+1.20.1
[19:22:32] [Render thread/INFO] - nullscape: 1.2.4
[19:22:32] [Render thread/INFO] - nyfsspiders: 2.1.1
[19:22:32] [Render thread/INFO] - observable: 4.4.0
[19:22:32] [Render thread/INFO] - omega-config: 1.2.3-1.18.1
[19:22:32] [Render thread/INFO] - org_apache_httpcomponents_httpmime: 4.5.10
[19:22:32] [Render thread/INFO] - org_apache_sshd_sshd-common: 2.10.0
[19:22:32] [Render thread/INFO] - org_apache_sshd_sshd-core: 2.10.0
[19:22:32] [Render thread/INFO] - org_eclipse_jgit_org_eclipse_jgit: 6.7.0.202309050840-r
[19:22:32] [Render thread/INFO] - org_eclipse_jgit_org_eclipse_jgit_ssh_apache: 6.7.0.202309050840-r
[19:22:32] [Render thread/INFO] - org_javassist_javassist: 3.29.2-GA
[19:22:32] [Render thread/INFO] - org_jetbrains_kotlin_kotlin-reflect: 1.9.22
[19:22:32] [Render thread/INFO] - org_jetbrains_kotlin_kotlin-stdlib: 1.9.22
[19:22:32] [Render thread/INFO] - org_jetbrains_kotlin_kotlin-stdlib-jdk7: 1.9.22
[19:22:32] [Render thread/INFO] - org_jetbrains_kotlin_kotlin-stdlib-jdk8: 1.9.22
[19:22:32] [Render thread/INFO] - org_jetbrains_kotlinx_atomicfu-jvm: 0.23.1
[19:22:32] [Render thread/INFO] - org_jetbrains_kotlinx_kotlinx-coroutines-core-jvm: 1.7.3
[19:22:32] [Render thread/INFO] - org_jetbrains_kotlinx_kotlinx-coroutines-jdk8: 1.7.3
[19:22:32] [Render thread/INFO] - org_jetbrains_kotlinx_kotlinx-datetime-jvm: 0.5.0
[19:22:32] [Render thread/INFO] - org_jetbrains_kotlinx_kotlinx-serialization-cbor-jvm: 1.6.2
[19:22:32] [Render thread/INFO] - org_jetbrains_kotlinx_kotlinx-serialization-core-jvm: 1.6.2
[19:22:32] [Render thread/INFO] - org_jetbrains_kotlinx_kotlinx-serialization-json-jvm: 1.6.2
[19:22:32] [Render thread/INFO] - org_quiltmc_parsers_gson: 0.2.1
[19:22:32] [Render thread/INFO] - org_quiltmc_parsers_json: 0.2.1
[19:22:32] [Render thread/INFO] - org_reflections_reflections: 0.10.2
[19:22:32] [Render thread/INFO] - org_spongepowered_configurate-core: 4.1.2
[19:22:32] [Render thread/INFO] - org_spongepowered_configurate-hocon: 4.1.2
[19:22:32] [Render thread/INFO] - owo: 0.11.2+1.20
[19:22:32] [Render thread/INFO] - packedup: 1.0.30
[19:22:32] [Render thread/INFO] - packet_tweaker: 0.4.0+1.19.4
[19:22:32] [Render thread/INFO] - patchouli: 1.20.1-84-FABRIC
[19:22:32] [Render thread/INFO] - ping-wheel: 1.7.1
[19:22:32] [Render thread/INFO] - placeholder-api: 2.1.2+1.20.1
[19:22:32] [Render thread/INFO] - player-animator: 1.0.2-rc1+1.20
[19:22:32] [Render thread/INFO] - polymorph: 0.49.1+1.20.1
[19:22:32] [Render thread/INFO] - porting_lib_accessors: 2.1.1127+1.20
[19:22:32] [Render thread/INFO] - porting_lib_attributes: 2.1.1127+1.20
[19:22:32] [Render thread/INFO] - porting_lib_base: 2.1.1127+1.20
[19:22:32] [Render thread/INFO] - porting_lib_brewing: 2.1.1127+1.20
[19:22:32] [Render thread/INFO] - porting_lib_client_events: 2.1.1127+1.20
[19:22:32] [Render thread/INFO] - porting_lib_common: 2.1.1127+1.20
[19:22:32] [Render thread/INFO] - porting_lib_config: 2.1.1108+1.20
[19:22:32] [Render thread/INFO] - porting_lib_core: 2.1.1127+1.20
[19:22:32] [Render thread/INFO] - porting_lib_data: 2.1.1090+1.20
[19:22:32] [Render thread/INFO] - porting_lib_entity: 2.1.1127+1.20
[19:22:32] [Render thread/INFO] - porting_lib_extensions: 2.1.1127+1.20
[19:22:32] [Render thread/INFO] - porting_lib_fake_players: 2.1.1127+1.20
[19:22:32] [Render thread/INFO] - porting_lib_gametest: 2.1.1127+1.20
[19:22:32] [Render thread/INFO] - porting_lib_lazy_registration: 2.1.1127+1.20
[19:22:32] [Render thread/INFO] - porting_lib_mixin_extensions: 2.1.1127+1.20
[19:22:32] [Render thread/INFO] - porting_lib_model_generators: 2.1.1090+1.20
[19:22:32] [Render thread/INFO] - porting_lib_model_loader: 2.1.1127+1.20
[19:22:32] [Render thread/INFO] - porting_lib_model_materials: 2.1.1090+1.20
[19:22:32] [Render thread/INFO] - porting_lib_models: 2.1.1127+1.20
[19:22:32] [Render thread/INFO] - porting_lib_networking: 2.1.1127+1.20
[19:22:32] [Render thread/INFO] - porting_lib_obj_loader: 2.1.1127+1.20
[19:22:32] [Render thread/INFO] - porting_lib_tags: 3.0
[19:22:32] [Render thread/INFO] - porting_lib_tool_actions: 2.1.1127+1.20
[19:22:32] [Render thread/INFO] - porting_lib_transfer: 2.1.1127+1.20
[19:22:32] [Render thread/INFO] - porting_lib_utility: 2.1.1127+1.20
[19:22:32] [Render thread/INFO] - pride: 1.2.0+1.19.4
[19:22:32] [Render thread/INFO] - prism: 1.0.5
[19:22:32] [Render thread/INFO] - psychedelicraft: 1.6.7+1.20
[19:22:32] [Render thread/INFO] - puzzle: 1.5.2+1.20
[19:22:32] [Render thread/INFO] - puzzle-base: 1.5.2+1.20
[19:22:32] [Render thread/INFO] - puzzle-gui: 1.5.2+1.20
[19:22:32] [Render thread/INFO] - puzzle-models: 1.5.2+1.20
[19:22:32] [Render thread/INFO] - puzzle-splashscreen: 1.5.2+1.20
[19:22:32] [Render thread/INFO] - puzzlesaccessapi: 8.0.7
[19:22:32] [Render thread/INFO] - puzzlesapi: 8.1.4
[19:22:32] [Render thread/INFO] - puzzleslib: 8.1.11
[19:22:32] [Render thread/INFO] - q_misc_util: 3.3.7
[19:22:32] [Render thread/INFO] - radiantgear: 2.1.0+1.20.1
[19:22:32] [Render thread/INFO] - railways: 1.5.1+fabric-mc1.20.1
[19:22:32] [Render thread/INFO] - raised: 3.1.0
[19:22:32] [Render thread/INFO] - randombonemealflowers: 4.5
[19:22:32] [Render thread/INFO] - reach-entity-attributes: 2.4.0
[19:22:32] [Render thread/INFO] - reacharound: 1.1.2
[19:22:32] [Render thread/INFO] - realisticbees: 3.8
[19:22:32] [Render thread/INFO] - rebind_narrator: 2.0.2
[19:22:32] [Render thread/INFO] - rechiseled: 1.1.5+b
[19:22:32] [Render thread/INFO] - rechiseledcreate: 1.0.1
[19:22:32] [Render thread/INFO] - recipes_refreshed: 1.4-1.20.1
[19:22:32] [Render thread/INFO] - reeses-sodium-options: 1.6.5+mc1.20.1-build.95
[19:22:32] [Render thread/INFO] - registrate-fabric: 1.3.62-MC1.20.1
[19:22:32] [Render thread/INFO] - repurposed_structures: 7.1.11+1.20.1-fabric
[19:22:32] [Render thread/INFO] - resourcefulconfig: 2.1.1
[19:22:32] [Render thread/INFO] - resourcefullib: 2.1.20
[19:22:32] [Render thread/INFO] - resourcepackoverrides: 8.0.2
[19:22:32] [Render thread/INFO] - respitecreators: 1.2.0
[19:22:32] [Render thread/INFO] - roughlyenoughitems: 12.0.684
[19:22:32] [Render thread/INFO] - rrls: 3.2.0-1.20.1-fabric
[19:22:32] [Render thread/INFO] - screenshot_viewer: 1.2.1-fabric-mc1.20
[19:22:32] [Render thread/INFO] - screenshotclipboard: 1.0.9
[19:22:32] [Render thread/INFO] - server_translations_api: 2.0.0+1.20
[19:22:32] [Render thread/INFO] - servercore: 1.3.9+1.20.1
[19:22:32] [Render thread/INFO] - skeletonhorsespawn: 3.8
[19:22:32] [Render thread/INFO] - sleepwarp: 2.2.0_rc1+1.20.1
[19:22:32] [Render thread/INFO] - sliceanddice: 3.0.0
[19:22:32] [Render thread/INFO] - smallernetherportals: 3.6
[19:22:32] [Render thread/INFO] - smwyg: 1.1.1
[19:22:32] [Render thread/INFO] - snowrealmagic: 10.2.3
[19:22:32] [Render thread/INFO] - snowundertrees: 2.0.0+1.20
[19:22:32] [Render thread/INFO] - snuffles: 1.0.0+1.20
[19:22:32] [Render thread/INFO] - sodium: 0.5.3
[19:22:32] [Render thread/INFO] - sodium-extra: 0.5.1+mc1.20.1-build.112
[19:22:32] [Render thread/INFO] - softerhaybales: 3.2
[19:22:32] [Render thread/INFO] - spark: 1.10.53
[19:22:32] [Render thread/INFO] - spawnanimations: 1.9.4+mod
[19:22:32] [Render thread/INFO] - spectrelib: 0.13.14+1.20.1
[19:22:32] [Render thread/INFO] - spruceui: 5.0.0+1.20
[19:22:32] [Render thread/INFO] - spyglass_astronomy: 1.0.8-mc1.20.1
[19:22:32] [Render thread/INFO] - sspb: 3.2.1
[19:22:32] [Render thread/INFO] - stack-to-nearby-chests: 0.5.4
[19:22:32] [Render thread/INFO] - starlight: 1.1.2+fabric.dbc156f
[19:22:32] [Render thread/INFO] - starterkit: 5.5
[19:22:32] [Render thread/INFO] - static-content: 1.0.1-1.16.2
[19:22:32] [Render thread/INFO] - staticdata: 1.1.2
[19:22:32] [Render thread/INFO] - status-effect-bars: 1.0.3
[19:22:32] [Render thread/INFO] - stonecutter_recipe_tags: 5.2.0+1.19.4.fabric
[19:22:32] [Render thread/INFO] - supermartijn642configlib: 1.1.8+a
[19:22:32] [Render thread/INFO] - supermartijn642corelib: 1.1.16
[19:22:32] [Render thread/INFO] - supplementaries: 1.20-2.7.20
[19:22:32] [Render thread/INFO] - suppsquared: 1.20-1.1.12
[19:22:32] [Render thread/INFO] - surfacemushrooms: 3.3
[19:22:32] [Render thread/INFO] - symbol-chat: 1.20.1-1.1.2
[19:22:32] [Render thread/INFO] - t_and_t: 1.12
[19:22:32] [Render thread/INFO] - tabtps-fabric: 1.3.18
[19:22:32] [Render thread/INFO] - taxfreelevels: 1.3.6
[19:22:32] [Render thread/INFO] - technomodel: 1.0.4
[19:22:32] [Render thread/INFO] - tectonic: 2.1.1
[19:22:32] [Render thread/INFO] - terrablender: 3.0.0.169
[19:22:32] [Render thread/INFO] - terraform-wood-api-v1: 7.0.1
[19:22:32] [Render thread/INFO] - tipsmod: 12.0.4
[19:22:32] [Render thread/INFO] - tooltipfix: 1.1.1-1.20
[19:22:32] [Render thread/INFO] - trinkets: 3.7.1
[19:22:32] [Render thread/INFO] - tweakermore: 3.16.0
[19:22:32] [Render thread/INFO] - tweed4_annotated: 1.3.1+mc1.20-pre1
[19:22:32] [Render thread/INFO] - tweed4_base: 1.7.1+mc1.20-pre1
[19:22:32] [Render thread/INFO] - tweed4_data: 1.2.1+mc1.20-pre1
[19:22:32] [Render thread/INFO] - tweed4_data_hjson: 1.1.1+mc1.20-pre1
[19:22:32] [Render thread/INFO] - tweed4_tailor_coat: 1.1.3+mc1.20-pre1
[19:22:32] [Render thread/INFO] - tweed4_tailor_lang_json_descriptions: 1.1.0+mc1.20-pre1
[19:22:32] [Render thread/INFO] - tweed4_tailor_screen: 1.1.4+mc1.20-pre1
[19:22:32] [Render thread/INFO] - ultris_mr: 5.6.9c
[19:22:32] [Render thread/INFO] - universalbonemeal: 8.0.1
[19:22:32] [Render thread/INFO] - urlmusicdiscs: 1.1.0
[19:22:32] [Render thread/INFO] - uteamcore: 5.1.4.269
[19:22:32] [Render thread/INFO] - villagernames: 7.3
[19:22:32] [Render thread/INFO] - vinery: 1.4.7
[19:22:32] [Render thread/INFO] - visualworkbench: 8.0.0
[19:22:32] [Render thread/INFO] - voicechat: 1.20.1-2.4.32
[19:22:32] [Render thread/INFO] - wakes: 0.2.2
[19:22:32] [Render thread/INFO] - wands: 2.6.8-release
[19:22:32] [Render thread/INFO] - waveycapes: 1.3.2
[19:22:32] [Render thread/INFO] - weakerspiderwebs: 3.4
[19:22:32] [Render thread/INFO] - winterly: 0.9.3+1.20
[19:22:32] [Render thread/INFO] - wooltweaks: 3.3
[19:22:32] [Render thread/INFO] - worldedit: 7.2.15+6463-5ca4dff
[19:22:32] [Render thread/INFO] - worldmesher: 0.4.2+1.20
[19:22:32] [Render thread/INFO] - xercapaint: fabric-1.20.1-1.0.0
[19:22:32] [Render thread/INFO] - yet_another_config_lib_v3: 3.2.1+1.20
[19:22:32] [Render thread/INFO] - yigd: 2.0.0-beta.6
[19:22:32] [Render thread/INFO] - yungsapi: 1.20-Fabric-4.0.2
[19:22:32] [Render thread/INFO] - yungsbridges: 1.20-Fabric-4.0.3
[19:22:32] [Render thread/INFO] - yungsextras: 1.20-Fabric-4.0.3
[19:22:32] [Render thread/INFO] - zombiehorsespawn: 4.8
[19:22:32] [Render thread/INFO] - zoomify: 2.11.2
[19:22:32] [Render thread/INFO] ========================================
[19:22:33] [Render thread/DEBUG] [REI] Added filtering rule [roughlyenoughitems:search]: INSTANCE
[19:22:33] [Render thread/DEBUG] [REI] Added filtering rule [roughlyenoughitems:manual]: INSTANCE
[19:22:33] [Render thread/DEBUG] [REI] Added filtering rule [roughlyenoughitems:basic]: INSTANCE
[19:22:33] [Render thread/INFO] [REI] Config loaded
[19:22:33] [Render thread/DEBUG] [REI] Config saved
[19:22:33] [Render thread/INFO] [REI] Registered plugin provider DefaultPlugin [roughlyenoughitems] for REIPlugin
[19:22:33] [Render thread/INFO] [REI] Registered plugin provider DefaultRuntimePlugin [roughlyenoughitems] for REIPlugin
[19:22:33] [Render thread/INFO] [REI] Registered plugin provider REITooltipPlugin [appleskin] for REIPlugin
[19:22:33] [Render thread/INFO] [REI] Registered plugin provider BakeryReiClientPluginFabric [bakery] for REIPlugin
[19:22:33] [Render thread/INFO] [REI] Registered plugin provider REIPlugin [botanypots] for REIPlugin
[19:22:33] [Render thread/INFO] [REI] Registered plugin provider CandlelightReiClientPluginFabric [candlelight] for REIPlugin
[19:22:33] [Render thread/INFO] [REI] Registered plugin provider REIChippedPlugin [chipped] for REIPlugin
[19:22:33] [Render thread/INFO] [REI] Registered plugin provider ClutterREIClientPlugin [clutter] for REIPlugin
[19:22:33] [Render thread/INFO] [REI] Registered plugin provider create:rei_plugin [create] for REIPlugin
[19:22:33] [Render thread/INFO] [REI] Registered plugin provider ReiPlugin [doggomodoverhauled] for REIPlugin
[19:22:33] [Render thread/INFO] [REI] Registered plugin provider ExpandedDelightREI [expandeddelight] for REIPlugin
[19:22:33] [Render thread/INFO] [REI] Registered plugin provider FarmersDelightModREI [farmersdelight] for REIPlugin
[19:22:33] [Render thread/INFO] [REI] Registered plugin provider REIIntegration [ftblibrary] for REIPlugin
[19:22:33] [Render thread/INFO] [REI] Registered plugin provider HerbalbrewsREIClientPluginFabric [herbalbrews] for REIPlugin
[19:22:33] [Render thread/INFO] [REI] Registered plugin provider ReiHibernalHerbsPlugin [hibernalherbs] for REIPlugin
[19:22:33] [Render thread/INFO] [REI] Registered plugin provider OwoReiPlugin [owo] for REIPlugin
[19:22:33] [Render thread/INFO] [REI] Registered plugin provider DefaultClientPlugin [roughlyenoughitems] for REIPlugin
[19:22:33] [Render thread/INFO] [REI] Registered plugin provider DefaultClientRuntimePlugin [roughlyenoughitems] for REIPlugin
[19:22:33] [Render thread/DEBUG] [REI] Added filtering rule [roughlyenoughitems:hidden_from_recipe_viewers]: INSTANCE
[19:22:33] [Render thread/INFO] [REI] Registered plugin provider HideIngredientsFromTagsPlugin [roughlyenoughitems] for REIPlugin
[19:22:33] [Render thread/INFO] [REI] Registered plugin provider REICompat [sliceanddice] for REIPlugin
[19:22:33] [Render thread/INFO] [REI] Registered plugin provider ReiClientPluginImpl [stack-to-nearby-chests] for REIPlugin
[19:22:33] [Render thread/INFO] [REI] Registered plugin provider REICompat [supplementaries] for REIPlugin
[19:22:33] [Render thread/INFO] [REI] Registered plugin provider VineryReiClientPluginFabric [vinery] for REIPlugin
[19:22:33] [Render thread/INFO] [REI] Registered plugin provider DefaultPlugin [roughlyenoughitems] for REIServerPlugin
[19:22:33] [Render thread/INFO] [REI] Registered plugin provider DefaultRuntimePlugin [roughlyenoughitems] for REIServerPlugin
[19:22:33] [Render thread/INFO] [REI] Registered plugin provider FabricFluidAPISupportPlugin for REIServerPlugin
[19:22:33] [Render thread/INFO] [REI] Registered plugin provider FabricFluidAPISupportPlugin for REIPlugin
[19:22:39] [Render thread/INFO] [REI] Registered plugin provider REITooltipPlugin [appleskin] for REIClientPlugin
[19:22:39] [Render thread/INFO] [REI] Registered plugin provider BakeryReiClientPluginFabric [bakery] for REIClientPlugin
[19:22:39] [Render thread/INFO] [REI] Registered plugin provider REIPlugin [botanypots] for REIClientPlugin
[19:22:39] [Render thread/INFO] [REI] Registered plugin provider CandlelightReiClientPluginFabric [candlelight] for REIClientPlugin
[19:22:39] [Render thread/INFO] [REI] Registered plugin provider REIChippedPlugin [chipped] for REIClientPlugin
[19:22:39] [Render thread/INFO] [REI] Registered plugin provider ClutterREIClientPlugin [clutter] for REIClientPlugin
[19:22:39] [Render thread/INFO] [REI] Registered plugin provider create:rei_plugin [create] for REIClientPlugin
[19:22:39] [Render thread/INFO] [REI] Registered plugin provider ReiPlugin [doggomodoverhauled] for REIClientPlugin
[19:22:39] [Render thread/INFO] [REI] Registered plugin provider ExpandedDelightREI [expandeddelight] for REIClientPlugin
[19:22:39] [Render thread/INFO] [REI] Registered plugin provider FarmersDelightModREI [farmersdelight] for REIClientPlugin
[19:22:39] [Render thread/INFO] [REI] Registered plugin provider REIIntegration [ftblibrary] for REIClientPlugin
[19:22:39] [Render thread/INFO] [REI] Registered plugin provider HerbalbrewsREIClientPluginFabric [herbalbrews] for REIClientPlugin
[19:22:39] [Render thread/INFO] [REI] Registered plugin provider ReiHibernalHerbsPlugin [hibernalherbs] for REIClientPlugin
[19:22:39] [Render thread/INFO] [REI] Registered plugin provider OwoReiPlugin [owo] for REIClientPlugin
[19:22:39] [Render thread/INFO] [REI] Registered plugin provider DefaultClientPlugin [roughlyenoughitems] for REIClientPlugin
[19:22:39] [Render thread/INFO] [REI] Registered plugin provider DefaultClientRuntimePlugin [roughlyenoughitems] for REIClientPlugin
[19:22:39] [Render thread/INFO] [REI] Registered plugin provider HideIngredientsFromTagsPlugin [roughlyenoughitems] for REIClientPlugin
[19:22:39] [Render thread/INFO] [REI] Registered plugin provider REICompat [sliceanddice] for REIClientPlugin
[19:22:39] [Render thread/INFO] [REI] Registered plugin provider ReiClientPluginImpl [stack-to-nearby-chests] for REIClientPlugin
[19:22:39] [Render thread/INFO] [REI] Registered plugin provider REICompat [supplementaries] for REIClientPlugin
[19:22:39] [Render thread/INFO] [REI] Registered plugin provider VineryReiClientPluginFabric [vinery] for REIClientPlugin
